/home/yongxin/miniconda2/envs/meta/bin/quast.py --colors #E31A1C --ls solid --no-check-meta --contig-thresholds 1000,5000,10000,25000,50000 -t 3 /mnt/c/meta/result/megahit/metaquast/quast_corrected_input/final-contigs_not_aligned_anywhere.fasta -o /mnt/c/meta/result/megahit/metaquast/not_aligned --labels final.contigs

Started: 2021-08-09 00:11:55

Logging to /mnt/c/meta/result/megahit/metaquast/not_aligned/quast.log

CWD: /mnt/c/meta
Main parameters: 
  MODE: meta, threads: 3, minimum contig length: 500, minimum alignment length: 65, ambiguity: one, \
  threshold for extensive misassembly size: 1000

Contigs:
  Pre-processing...
  /mnt/c/meta/result/megahit/metaquast/quast_corrected_input/final-contigs_not_aligned_anywhere.fasta ==> final.contigs

2021-08-09 00:11:55
Running Basic statistics processor...
  Contig files: 
    final.contigs
  Calculating N50 and L50...
    final.contigs, N50 = 646, L50 = 42, Total length = 78917, GC % = 42.68, # N's per 100 kbp =  0.00
  Drawing Nx plot...
    saved to /mnt/c/meta/result/megahit/metaquast/not_aligned/basic_stats/Nx_plot.pdf
  Drawing cumulative plot...
    saved to /mnt/c/meta/result/megahit/metaquast/not_aligned/basic_stats/cumulative_plot.pdf
  Drawing GC content plot...
    saved to /mnt/c/meta/result/megahit/metaquast/not_aligned/basic_stats/GC_content_plot.pdf
  Drawing final.contigs GC content plot...
    saved to /mnt/c/meta/result/megahit/metaquast/not_aligned/basic_stats/final.contigs_GC_content_plot.pdf
Done.

NOTICE: Genes are not predicted by default. Use --gene-finding or --glimmer option to enable it.

2021-08-09 00:11:56
Creating large visual summaries...
This may take a while: press Ctrl-C to skip this step..
  1 of 2: Creating Icarus viewers...
  2 of 2: Creating PDF with all tables and plots...
Done

2021-08-09 00:11:56
RESULTS:
  Text versions of total report are saved to /mnt/c/meta/result/megahit/metaquast/not_aligned/report.txt, report.tsv, and report.tex
  Text versions of transposed total report are saved to /mnt/c/meta/result/megahit/metaquast/not_aligned/transposed_report.txt, transposed_report.tsv, and transposed_report.tex
  HTML version (interactive tables and plots) is saved to /mnt/c/meta/result/megahit/metaquast/not_aligned/report.html
  PDF version (tables and plots) is saved to /mnt/c/meta/result/megahit/metaquast/not_aligned/report.pdf
  Icarus (contig browser) is saved to /mnt/c/meta/result/megahit/metaquast/not_aligned/icarus.html
