/data1/liuyongxin/miniconda3/envs/megahit/bin/quast.py --label megahit,metapasdes temp/megahit/final.contigs.fa temp/metaspades.fa -o result/quast

Version: 5.3.0

System information:
  OS: Linux-6.8.0-87-generic-x86_64-with-glibc2.35 (linux_64)
  Python version: 3.13.9
  CPUs number: 384

Started: 2025-11-17 13:58:38

Logging to /data1/liuyongxin/meta/result/quast/quast.log
NOTICE: Maximum number of threads is set to 96 (use --threads option to set it manually)

CWD: /data1/liuyongxin/meta
Main parameters: 
  MODE: default, threads: 96, min contig length: 500, min alignment length: 65, min alignment IDY: 95.0, \
  ambiguity: one, min local misassembly length: 200, min extensive misassembly length: 1000

Contigs:
  Pre-processing...
  1  temp/megahit/final.contigs.fa ==> megahit
  2  temp/metaspades.fa ==> metapasdes

2025-11-17 13:58:43
Running Basic statistics processor...
  Contig files: 
    1  megahit
    2  metapasdes
  Calculating N50 and L50...
    1  megahit, N50 = 2430, L50 = 9769, auN = 12529.0, Total length = 132645073, GC % = 50.22, # N's per 100 kbp =  0.00
    2  metapasdes, N50 = 2229, L50 = 11489, auN = 8822.0, Total length = 133490985, GC % = 50.29, # N's per 100 kbp =  0.00
  Drawing Nx plot...
    saved to /data1/liuyongxin/meta/result/quast/basic_stats/Nx_plot.pdf
  Drawing cumulative plot...
    saved to /data1/liuyongxin/meta/result/quast/basic_stats/cumulative_plot.pdf
  Drawing GC content plot...
    saved to /data1/liuyongxin/meta/result/quast/basic_stats/GC_content_plot.pdf
  Drawing megahit GC content plot...
    saved to /data1/liuyongxin/meta/result/quast/basic_stats/megahit_GC_content_plot.pdf
  Drawing metapasdes GC content plot...
    saved to /data1/liuyongxin/meta/result/quast/basic_stats/metapasdes_GC_content_plot.pdf
  Drawing Coverage histogram (bin size: 1x)...
    saved to /data1/liuyongxin/meta/result/quast/basic_stats/coverage_histogram.pdf
  Drawing metapasdes coverage histogram (bin size: 1x)...
    saved to /data1/liuyongxin/meta/result/quast/basic_stats/metapasdes_coverage_histogram.pdf
Done.

NOTICE: Genes are not predicted by default. Use --gene-finding or --glimmer option to enable it.

2025-11-17 13:58:51
Creating large visual summaries...
This may take a while: press Ctrl-C to skip this step..
  1 of 2: Creating PDF with all tables and plots...
  2 of 2: Creating Icarus viewers...
Done

2025-11-17 13:58:53
RESULTS:
  Text versions of total report are saved to /data1/liuyongxin/meta/result/quast/report.txt, report.tsv, and report.tex
  Text versions of transposed total report are saved to /data1/liuyongxin/meta/result/quast/transposed_report.txt, transposed_report.tsv, and transposed_report.tex
  HTML version (interactive tables and plots) is saved to /data1/liuyongxin/meta/result/quast/report.html
  PDF version (tables and plots) is saved to /data1/liuyongxin/meta/result/quast/report.pdf
  Icarus (contig browser) is saved to /data1/liuyongxin/meta/result/quast/icarus.html
  Log is saved to /data1/liuyongxin/meta/result/quast/quast.log

Finished: 2025-11-17 13:58:53
Elapsed time: 0:00:14.186817
NOTICEs: 2; WARNINGs: 0; non-fatal ERRORs: 0

Thank you for using QUAST!
