[2021-08-09 19:48:21.765] [jointLog] [info] setting maxHashResizeThreads to 3
[2021-08-09 19:48:21.765] [jointLog] [info] Fragment incompatibility prior below threshold.  Incompatible fragments will be ignored.
[2021-08-09 19:48:21.765] [jointLog] [info] Usage of --validateMappings implies use of minScoreFraction. Since not explicitly specified, it is being set to 0.65
[2021-08-09 19:48:21.765] [jointLog] [info] Setting consensusSlack to selective-alignment default of 0.35.
[2021-08-09 19:48:21.765] [jointLog] [info] parsing read library format
[2021-08-09 19:48:21.765] [jointLog] [info] There is 1 library.
[2021-08-09 19:48:21.908] [jointLog] [info] Loading pufferfish index
[2021-08-09 19:48:21.909] [jointLog] [info] Loading dense pufferfish index.
[2021-08-09 19:48:21.923] [jointLog] [info] done
[2021-08-09 19:48:21.923] [jointLog] [info] Index contained 1,173 targets
[2021-08-09 19:48:21.923] [jointLog] [info] Number of decoys : 0
[2021-08-09 19:48:22.240] [fileLog] [info] 
At end of round 0
==================
Observed 65212 total fragments (65212 in most recent round)

[2021-08-09 19:48:22.233] [jointLog] [info] Computed 761 rich equivalence classes for further processing
[2021-08-09 19:48:22.233] [jointLog] [info] Counted 3,404 total reads in the equivalence classes 
[2021-08-09 19:48:22.244] [jointLog] [info] Number of mappings discarded because of alignment score : 1,355
[2021-08-09 19:48:22.244] [jointLog] [info] Number of fragments entirely discarded because of alignment score : 1,345
[2021-08-09 19:48:22.244] [jointLog] [info] Number of fragments discarded because they are best-mapped to decoys : 0
[2021-08-09 19:48:22.244] [jointLog] [info] Number of fragments discarded because they have only dovetail (discordant) mappings to valid targets : 17
[2021-08-09 19:48:22.245] [jointLog] [warning] Only 3404 fragments were mapped, but the number of burn-in fragments was set to 5000000.
The effective lengths have been computed using the observed mappings.

[2021-08-09 19:48:22.245] [jointLog] [info] Mapping rate = 5.2199%

[2021-08-09 19:48:22.245] [jointLog] [info] finished quantifyLibrary()
[2021-08-09 19:48:22.246] [jointLog] [info] Starting optimizer
[2021-08-09 19:48:22.250] [jointLog] [info] Marked 0 weighted equivalence classes as degenerate
[2021-08-09 19:48:22.250] [jointLog] [info] iteration = 0 | max rel diff. = 99
[2021-08-09 19:48:22.255] [jointLog] [info] iteration = 100 | max rel diff. = 3.36334e-09
[2021-08-09 19:48:22.255] [jointLog] [info] Finished optimizer
[2021-08-09 19:48:22.255] [jointLog] [info] writing output 

[2021-08-09 19:48:22.258] [jointLog] [warning] NOTE: Read Lib [[ temp/qc/C1_1.fastq, temp/qc/C1_2.fastq]] :

Detected a *potential* strand bias > 1% in an unstranded protocol check the file: temp/salmon/C1.quant/lib_format_counts.json for details

