[2021-08-07 17:44:24,730] multiqc                                            [DEBUG  ]  No MultiQC config found: /home/yongxin/miniconda2/envs/meta/lib/python3.6/site-packages/multiqc_config.yaml
[2021-08-07 17:44:24,730] multiqc                                            [DEBUG  ]  No MultiQC config found: /home/yongxin/.multiqc_config.yaml
[2021-08-07 17:44:24,730] multiqc                                            [DEBUG  ]  No MultiQC config found: multiqc_config.yaml
[2021-08-07 17:44:24,730] multiqc                                            [DEBUG  ]  Command used: /home/yongxin/miniconda2/envs/meta/bin/multiqc -d seq/ -o result/qc
[2021-08-07 17:44:27,274] multiqc                                            [WARNING]  MultiQC Version v1.11 now available!
[2021-08-07 17:44:27,275] multiqc                                            [INFO   ]  This is MultiQC v1.8
[2021-08-07 17:44:27,276] multiqc                                            [DEBUG  ]  Command     : /home/yongxin/miniconda2/envs/meta/bin/multiqc -d seq/ -o result/qc
[2021-08-07 17:44:27,276] multiqc                                            [DEBUG  ]  Working dir : /mnt/c/meta
[2021-08-07 17:44:27,276] multiqc                                            [INFO   ]  Template    : default
[2021-08-07 17:44:27,277] multiqc                                            [DEBUG  ]  Running Python 3.6.10 | packaged by conda-forge | (default, Apr 24 2020, 16:44:11)  [GCC 7.3.0]
[2021-08-07 17:44:27,277] multiqc                                            [INFO   ]  Prepending directory to sample names
[2021-08-07 17:44:27,277] multiqc                                            [INFO   ]  Searching   : /mnt/c/meta/seq
[2021-08-07 17:44:27,278] multiqc                                            [DEBUG  ]  Analysing modules: custom_content, conpair, peddy, methylQA, phantompeakqualtools, qualimap, preseq, quast, qorts, rna_seqc, rsem, rseqc, busco, goleft_indexcov, disambiguate, supernova, deeptools, sargasso, verifybamid, mirtrace, happy, homer, macs2, theta2, snpeff, gatk, htseq, bcftools, featureCounts, fgbio, dedup, damageprofiler, biobambam2, mtnucratio, picard, prokka, samblaster, samtools, sexdeterrmine, bamtools, jellyfish, vcftools, longranger, stacks, bbmap, bismark, biscuit, hicexplorer, hicup, hicpro, salmon, kallisto, slamdunk, star, hisat2, tophat, bowtie2, bowtie1, kat, leehom, adapterRemoval, clipandmerge, cutadapt, flexbar, trimmomatic, skewer, sortmerna, biobloomtools, fastq_screen, afterqc, fastp, fastqc, minionqc, mosdepth, clusterflow, bcl2fastq, interop, flash, seqyclean
[2021-08-07 17:44:27,279] multiqc                                            [DEBUG  ]  Using temporary directory for creating report: /tmp/tmpsgt0r3a_
[2021-08-07 17:44:27,372] multiqc                                            [DEBUG  ]  Ignoring file as matched an ignore pattern: C1_1.fq.gz
[2021-08-07 17:44:27,372] multiqc                                            [DEBUG  ]  Ignoring file as matched an ignore pattern: C1_1_fastqc.html
[2021-08-07 17:44:27,376] multiqc                                            [DEBUG  ]  Ignoring file as matched an ignore pattern: C1_2.fq.gz
[2021-08-07 17:44:27,376] multiqc                                            [DEBUG  ]  Ignoring file as matched an ignore pattern: C1_2_fastqc.html
[2021-08-07 17:44:27,377] multiqc                                            [DEBUG  ]  Ignoring file as matched an ignore pattern: C2_1.fq.gz
[2021-08-07 17:44:27,377] multiqc                                            [DEBUG  ]  Ignoring file as matched an ignore pattern: C2_1_fastqc.html
[2021-08-07 17:44:27,377] multiqc                                            [DEBUG  ]  Ignoring file as matched an ignore pattern: C2_2.fq.gz
[2021-08-07 17:44:27,378] multiqc                                            [DEBUG  ]  Ignoring file as matched an ignore pattern: C2_2_fastqc.html
[2021-08-07 17:44:28,035] multiqc.plots.bargraph                             [DEBUG  ]  Using matplotlib version 2.2.5
[2021-08-07 17:44:28,036] multiqc.plots.linegraph                            [DEBUG  ]  Using matplotlib version 2.2.5
[2021-08-07 17:44:28,038] multiqc                                            [DEBUG  ]  No samples found: custom_content
[2021-08-07 17:44:28,043] multiqc                                            [DEBUG  ]  No samples found: conpair
[2021-08-07 17:44:28,047] multiqc                                            [DEBUG  ]  No samples found: peddy
[2021-08-07 17:44:28,052] multiqc                                            [DEBUG  ]  No samples found: methylQA
[2021-08-07 17:44:28,057] multiqc                                            [DEBUG  ]  No samples found: phantompeakqualtools
[2021-08-07 17:44:28,066] multiqc                                            [DEBUG  ]  No samples found: qualimap
[2021-08-07 17:44:28,071] multiqc                                            [DEBUG  ]  No samples found: preseq
[2021-08-07 17:44:28,076] multiqc                                            [DEBUG  ]  No samples found: quast
[2021-08-07 17:44:28,081] multiqc                                            [DEBUG  ]  No samples found: qorts
[2021-08-07 17:44:28,086] multiqc                                            [DEBUG  ]  No samples found: rna_seqc
[2021-08-07 17:44:28,091] multiqc                                            [DEBUG  ]  No samples found: rsem
[2021-08-07 17:44:28,106] multiqc                                            [DEBUG  ]  No samples found: rseqc
[2021-08-07 17:44:28,110] multiqc                                            [DEBUG  ]  No samples found: busco
[2021-08-07 17:44:28,115] multiqc                                            [DEBUG  ]  No samples found: goleft_indexcov
[2021-08-07 17:44:28,120] multiqc                                            [DEBUG  ]  No samples found: disambiguate
[2021-08-07 17:44:28,125] multiqc                                            [DEBUG  ]  No samples found: supernova
[2021-08-07 17:44:28,139] multiqc                                            [DEBUG  ]  No samples found: deeptools
[2021-08-07 17:44:28,144] multiqc                                            [DEBUG  ]  No samples found: sargasso
[2021-08-07 17:44:28,148] multiqc                                            [DEBUG  ]  No samples found: verifybamid
[2021-08-07 17:44:28,154] multiqc                                            [DEBUG  ]  No samples found: mirtrace
[2021-08-07 17:44:28,159] multiqc                                            [DEBUG  ]  No samples found: happy
[2021-08-07 17:44:28,166] multiqc                                            [DEBUG  ]  No samples found: homer
[2021-08-07 17:44:28,171] multiqc                                            [DEBUG  ]  No samples found: macs2
[2021-08-07 17:44:28,176] multiqc                                            [DEBUG  ]  No samples found: theta2
[2021-08-07 17:44:28,181] multiqc                                            [DEBUG  ]  No samples found: snpeff
[2021-08-07 17:44:28,189] multiqc                                            [DEBUG  ]  No samples found: gatk
[2021-08-07 17:44:28,193] multiqc                                            [DEBUG  ]  No samples found: htseq
[2021-08-07 17:44:28,199] multiqc                                            [DEBUG  ]  No samples found: bcftools
[2021-08-07 17:44:28,203] multiqc                                            [DEBUG  ]  No samples found: featureCounts
[2021-08-07 17:44:28,209] multiqc                                            [DEBUG  ]  No samples found: fgbio
[2021-08-07 17:44:28,214] multiqc                                            [DEBUG  ]  No samples found: dedup
[2021-08-07 17:44:28,219] multiqc                                            [DEBUG  ]  No samples found: damageprofiler
[2021-08-07 17:44:28,243] multiqc                                            [DEBUG  ]  No samples found: biobambam2
[2021-08-07 17:44:28,248] multiqc                                            [DEBUG  ]  No samples found: mtnucratio
[2021-08-07 17:44:28,250] multiqc                                            [DEBUG  ]  No samples found: picard
[2021-08-07 17:44:28,255] multiqc                                            [DEBUG  ]  No samples found: prokka
[2021-08-07 17:44:28,260] multiqc                                            [DEBUG  ]  No samples found: samblaster
[2021-08-07 17:44:28,270] multiqc                                            [DEBUG  ]  No samples found: samtools
[2021-08-07 17:44:28,274] multiqc                                            [DEBUG  ]  No samples found: sexdeterrmine
[2021-08-07 17:44:28,280] multiqc                                            [DEBUG  ]  No samples found: bamtools
[2021-08-07 17:44:28,285] multiqc                                            [DEBUG  ]  No samples found: jellyfish
[2021-08-07 17:44:28,293] multiqc                                            [DEBUG  ]  No samples found: vcftools
[2021-08-07 17:44:28,298] multiqc                                            [DEBUG  ]  No samples found: longranger
[2021-08-07 17:44:28,303] multiqc                                            [DEBUG  ]  No samples found: stacks
[2021-08-07 17:44:28,320] multiqc                                            [DEBUG  ]  No samples found: bbmap
[2021-08-07 17:44:28,326] multiqc                                            [DEBUG  ]  No samples found: bismark
[2021-08-07 17:44:28,332] multiqc                                            [DEBUG  ]  No samples found: biscuit
[2021-08-07 17:44:28,337] multiqc                                            [DEBUG  ]  No samples found: hicexplorer
[2021-08-07 17:44:28,342] multiqc                                            [DEBUG  ]  No samples found: hicup
[2021-08-07 17:44:28,346] multiqc                                            [DEBUG  ]  No samples found: hicpro
[2021-08-07 17:44:28,351] multiqc                                            [DEBUG  ]  No samples found: salmon
[2021-08-07 17:44:28,356] multiqc                                            [DEBUG  ]  No samples found: kallisto
[2021-08-07 17:44:28,361] multiqc                                            [DEBUG  ]  No samples found: slamdunk
[2021-08-07 17:44:28,366] multiqc                                            [DEBUG  ]  No samples found: star
[2021-08-07 17:44:28,371] multiqc                                            [DEBUG  ]  No samples found: hisat2
[2021-08-07 17:44:28,376] multiqc                                            [DEBUG  ]  No samples found: tophat
[2021-08-07 17:44:28,380] multiqc                                            [DEBUG  ]  No samples found: bowtie2
[2021-08-07 17:44:28,385] multiqc                                            [DEBUG  ]  No samples found: bowtie1
[2021-08-07 17:44:28,390] multiqc                                            [DEBUG  ]  No samples found: kat
[2021-08-07 17:44:28,395] multiqc                                            [DEBUG  ]  No samples found: leehom
[2021-08-07 17:44:28,399] multiqc                                            [DEBUG  ]  No samples found: adapterRemoval
[2021-08-07 17:44:28,404] multiqc                                            [DEBUG  ]  No samples found: clipandmerge
[2021-08-07 17:44:28,409] multiqc                                            [DEBUG  ]  No samples found: cutadapt
[2021-08-07 17:44:28,413] multiqc                                            [DEBUG  ]  No samples found: flexbar
[2021-08-07 17:44:28,418] multiqc                                            [DEBUG  ]  No samples found: trimmomatic
[2021-08-07 17:44:28,423] multiqc                                            [DEBUG  ]  No samples found: skewer
[2021-08-07 17:44:28,427] multiqc                                            [DEBUG  ]  No samples found: sortmerna
[2021-08-07 17:44:28,432] multiqc                                            [DEBUG  ]  No samples found: biobloomtools
[2021-08-07 17:44:28,436] multiqc                                            [DEBUG  ]  No samples found: fastq_screen
[2021-08-07 17:44:28,441] multiqc                                            [DEBUG  ]  No samples found: afterqc
[2021-08-07 17:44:28,445] multiqc                                            [DEBUG  ]  No samples found: fastp
[2021-08-07 17:44:28,458] multiqc.modules.fastqc.fastqc                      [INFO   ]  Found 4 reports
[2021-08-07 17:44:28,517] multiqc                                            [DEBUG  ]  No samples found: minionqc
[2021-08-07 17:44:28,521] multiqc                                            [DEBUG  ]  No samples found: mosdepth
[2021-08-07 17:44:28,526] multiqc                                            [DEBUG  ]  No samples found: clusterflow
[2021-08-07 17:44:28,531] multiqc                                            [DEBUG  ]  No samples found: bcl2fastq
[2021-08-07 17:44:28,536] multiqc                                            [DEBUG  ]  No samples found: interop
[2021-08-07 17:44:28,541] multiqc                                            [DEBUG  ]  No samples found: flash
[2021-08-07 17:44:28,545] multiqc                                            [DEBUG  ]  No samples found: seqyclean
[2021-08-07 17:44:28,551] multiqc                                            [INFO   ]  Compressing plot data
[2021-08-07 17:44:28,597] multiqc                                            [WARNING]  Previous MultiQC output found! Adjusting filenames..
[2021-08-07 17:44:28,597] multiqc                                            [WARNING]  Use -f or --force to overwrite existing reports instead
[2021-08-07 17:44:28,598] multiqc                                            [INFO   ]  Report      : result/qc/multiqc_report_2.html
[2021-08-07 17:44:28,599] multiqc                                            [INFO   ]  Data        : result/qc/multiqc_data_2
[2021-08-07 17:44:28,600] multiqc                                            [DEBUG  ]  Moving data file from '/tmp/tmpsgt0r3a_/multiqc_data/multiqc_data.json' to 'result/qc/multiqc_data_2'
[2021-08-07 17:44:28,603] multiqc                                            [DEBUG  ]  Moving data file from '/tmp/tmpsgt0r3a_/multiqc_data/multiqc_fastqc.txt' to 'result/qc/multiqc_data_2'
[2021-08-07 17:44:28,605] multiqc                                            [DEBUG  ]  Moving data file from '/tmp/tmpsgt0r3a_/multiqc_data/multiqc_general_stats.txt' to 'result/qc/multiqc_data_2'
[2021-08-07 17:44:28,608] multiqc                                            [DEBUG  ]  Moving data file from '/tmp/tmpsgt0r3a_/multiqc_data/multiqc_qualimap_bamqc_genome_results.txt' to 'result/qc/multiqc_data_2'
[2021-08-07 17:44:28,610] multiqc                                            [DEBUG  ]  Moving data file from '/tmp/tmpsgt0r3a_/multiqc_data/multiqc_sources.txt' to 'result/qc/multiqc_data_2'
[2021-08-07 17:44:28,767] multiqc                                            [INFO   ]  MultiQC complete
