Aligning contigs to reference...
	Aligning contigs to the reference
Filtering alignments...
Parsing coords...
Loading reference...
	Loaded [Haemophilus_sputorum_CCUG_13788_NZ_AFNK01000001.1]
	Loaded [Haemophilus_sputorum_CCUG_13788_NZ_AFNK01000002.1]
	Loaded [Haemophilus_sputorum_CCUG_13788_NZ_AFNK01000003.1]
	Loaded [Haemophilus_sputorum_CCUG_13788_NZ_AFNK01000004.1]
	Loaded [Haemophilus_sputorum_CCUG_13788_NZ_AFNK01000005.1]
	Loaded [Haemophilus_sputorum_CCUG_13788_NZ_AFNK01000006.1]
	Loaded [Haemophilus_sputorum_CCUG_13788_NZ_AFNK01000007.1]
	Loaded [Haemophilus_sputorum_CCUG_13788_NZ_AFNK01000008.1]
	Loaded [Haemophilus_sputorum_CCUG_13788_NZ_AFNK01000009.1]
	Loaded [Haemophilus_sputorum_CCUG_13788_NZ_AFNK01000010.1]
	Loaded [Haemophilus_sputorum_CCUG_13788_NZ_AFNK01000011.1]
	Loaded [Haemophilus_sputorum_CCUG_13788_NZ_AFNK01000012.1]
	Loaded [Haemophilus_sputorum_CCUG_13788_NZ_AFNK01000013.1]
	Loaded [Haemophilus_sputorum_CCUG_13788_NZ_AFNK01000014.1]
	Loaded [Haemophilus_sputorum_CCUG_13788_NZ_AFNK01000015.1]
	Loaded [Haemophilus_sputorum_CCUG_13788_NZ_AFNK01000016.1]
	Loaded [Haemophilus_sputorum_CCUG_13788_NZ_AFNK01000017.1]
	Loaded [Haemophilus_sputorum_CCUG_13788_NZ_AFNK01000018.1]
	Loaded [Haemophilus_sputorum_CCUG_13788_NZ_AFNK01000019.1]
	Loaded [Haemophilus_sputorum_CCUG_13788_NZ_AFNK01000020.1]
	Loaded [Haemophilus_sputorum_CCUG_13788_NZ_AFNK01000021.1]
	Loaded [Haemophilus_sputorum_CCUG_13788_NZ_AFNK01000022.1]
	Loaded [Haemophilus_sputorum_CCUG_13788_NZ_AFNK01000023.1]
	Loaded [Haemophilus_sputorum_CCUG_13788_NZ_AFNK01000024.1]
	Loaded [Haemophilus_sputorum_CCUG_13788_NZ_AFNK01000025.1]
	Loaded [Haemophilus_sputorum_CCUG_13788_NZ_AFNK01000026.1]
	Loaded [Haemophilus_sputorum_CCUG_13788_NZ_AFNK01000027.1]
	Loaded [Haemophilus_sputorum_CCUG_13788_NZ_AFNK01000028.1]
	Loaded [Haemophilus_sputorum_CCUG_13788_NZ_AFNK01000029.1]
	Loaded [Haemophilus_sputorum_CCUG_13788_NZ_AFNK01000030.1]
	Loaded [Haemophilus_sputorum_CCUG_13788_NZ_AFNK01000031.1]
	Loaded [Haemophilus_sputorum_CCUG_13788_NZ_AFNK01000032.1]
	Loaded [Haemophilus_sputorum_CCUG_13788_NZ_AFNK01000033.1]
	Loaded [Haemophilus_sputorum_CCUG_13788_NZ_AFNK01000034.1]
	Loaded [Haemophilus_sputorum_CCUG_13788_NZ_AFNK01000035.1]
	Loaded [Haemophilus_sputorum_CCUG_13788_NZ_AFNK01000036.1]
	Loaded [Haemophilus_sputorum_CCUG_13788_NZ_AFNK01000037.1]
	Loaded [Haemophilus_sputorum_CCUG_13788_NZ_AFNK01000038.1]
	Loaded [Haemophilus_sputorum_CCUG_13788_NZ_AFNK01000039.1]
	Loaded [Haemophilus_sputorum_CCUG_13788_NZ_AFNK01000040.1]
	Loaded [Haemophilus_sputorum_CCUG_13788_NZ_AFNK01000041.1]
	Loaded [Haemophilus_sputorum_CCUG_13788_NZ_AFNK01000042.1]
	Loaded [Haemophilus_sputorum_CCUG_13788_NZ_AFNK01000043.1]
	Loaded [Haemophilus_sputorum_CCUG_13788_NZ_AFNK01000044.1]
	Loaded [Haemophilus_sputorum_CCUG_13788_NZ_AFNK01000045.1]
	Loaded [Haemophilus_sputorum_CCUG_13788_NZ_AFNK01000046.1]
	Loaded [Haemophilus_sputorum_CCUG_13788_NZ_AFNK01000047.1]
	Loaded [Haemophilus_sputorum_CCUG_13788_NZ_AFNK01000048.1]
	Loaded [Haemophilus_sputorum_CCUG_13788_NZ_AFNK01000049.1]
	Loaded [Haemophilus_sputorum_CCUG_13788_NZ_AFNK01000050.1]
	Loaded [Haemophilus_sputorum_CCUG_13788_NZ_AFNK01000051.1]
	Loaded [Haemophilus_sputorum_CCUG_13788_NZ_AFNK01000052.1]
	Loaded [Haemophilus_sputorum_CCUG_13788_NZ_AFNK01000053.1]
	Loaded [Haemophilus_sputorum_CCUG_13788_NZ_AFNK01000054.1]
	Loaded [Haemophilus_sputorum_CCUG_13788_NZ_AFNK01000055.1]
	Loaded [Haemophilus_sputorum_CCUG_13788_NZ_AFNK01000056.1]
	Loaded [Haemophilus_sputorum_CCUG_13788_NZ_AFNK01000057.1]
	Loaded [Haemophilus_sputorum_CCUG_13788_NZ_AFNK01000058.1]
	Loaded [Haemophilus_sputorum_CCUG_13788_NZ_AFNK01000059.1]
	Loaded [Haemophilus_sputorum_CCUG_13788_NZ_AFNK01000060.1]
	Loaded [Haemophilus_sputorum_CCUG_13788_NZ_AFNK01000061.1]
	Loaded [Haemophilus_sputorum_CCUG_13788_NZ_AFNK01000062.1]
	Loaded [Haemophilus_sputorum_CCUG_13788_NZ_AFNK01000063.1]
	Loaded [Haemophilus_sputorum_CCUG_13788_NZ_AFNK01000064.1]
	Loaded [Haemophilus_sputorum_CCUG_13788_NZ_AFNK01000065.1]
	Loaded [Haemophilus_sputorum_CCUG_13788_NZ_AFNK01000066.1]
	Loaded [Haemophilus_sputorum_CCUG_13788_NZ_AFNK01000067.1]
	Loaded [Haemophilus_sputorum_CCUG_13788_NZ_AFNK01000068.1]
	Loaded [Haemophilus_sputorum_CCUG_13788_NZ_AFNK01000069.1]
	Loaded [Haemophilus_sputorum_CCUG_13788_NZ_AFNK01000070.1]
	Loaded [Haemophilus_sputorum_CCUG_13788_NZ_AFNK01000071.1]
	Loaded [Haemophilus_sputorum_CCUG_13788_NZ_AFNK01000072.1]
	Loaded [Haemophilus_sputorum_CCUG_13788_NZ_AFNK01000073.1]
	Loaded [Haemophilus_sputorum_CCUG_13788_NZ_AFNK01000074.1]
	Loaded [Haemophilus_sputorum_CCUG_13788_NZ_AFNK01000075.1]
	Loaded [Haemophilus_sputorum_CCUG_13788_NZ_AFNK01000076.1]
	Loaded [Haemophilus_sputorum_CCUG_13788_NZ_AFNK01000077.1]
	Loaded [Haemophilus_sputorum_CCUG_13788_NZ_AFNK01000078.1]
	Loaded [Haemophilus_sputorum_CCUG_13788_NZ_AFNK01000079.1]
	Loaded [Haemophilus_sputorum_CCUG_13788_NZ_AFNK01000080.1]
	Loaded [Haemophilus_sputorum_CCUG_13788_NZ_AFNK01000081.1]
	Loaded [Haemophilus_sputorum_CCUG_13788_NZ_AFNK01000082.1]
	Loaded [Haemophilus_sputorum_CCUG_13788_NZ_AFNK01000083.1]
	Loaded [Haemophilus_sputorum_CCUG_13788_NZ_AFNK01000084.1]
	Loaded [Haemophilus_sputorum_CCUG_13788_NZ_AFNK01000085.1]
	Loaded [Haemophilus_sputorum_CCUG_13788_NZ_AFNK01000086.1]
	Loaded [Haemophilus_sputorum_CCUG_13788_NZ_AFNK01000087.1]
	Total Regions: 87
	Total Region Length: 2143543
Analyzing contigs...
CONTIG: k119_976 (799bp)
Best alignment score: 670.0 (LEN: 701, IDY: 95.58), Total number of alignments: 1
			Looking for the best set of alignments (out of 1 total alignments)
			The best set is below. Score: 670.0, number of alignments: 1, unaligned bases: 98
		Alignment: 200 900 | 764 64 | 701 701 | 95.58 | Haemophilus_sputorum_CCUG_13788_NZ_AFNK01000029.1 k119_976

CONTIG: k119_1002 (546bp)
Best alignment score: 546.0 (LEN: 546, IDY: 100.00), Total number of alignments: 1
		One align captures most of this contig: 526 1071 | 1 546 | 546 546 | 100.0 | Haemophilus_sputorum_CCUG_13788_NZ_AFNK01000005.1 k119_1002

Analyzing coverage...
Writing SNPs into /mnt/c/meta/result/megahit/metaquast/runs_per_reference/Haemophilus_sputorum_CCUG_13788/contigs_reports/minimap_output/final-contigs.used_snps.gz

Analysis is finished!
Founded SNPs were written into /mnt/c/meta/result/megahit/metaquast/runs_per_reference/Haemophilus_sputorum_CCUG_13788/contigs_reports/minimap_output/final-contigs.used_snps.gz

Results:
	Local Misassemblies: 0
	Misassemblies: 0
		Relocations: 0
		Translocations: 0
		Inversions: 0
	Scaffold gap extensive misassemblies: 0
	Scaffold gap local misassemblies: 0
	Misassembled Contigs: 0
	Misassembled Contig Bases: 0
	Misassemblies Inter-Contig Overlap: 0
Unaligned Contigs: 0 + 0 part
Half Unaligned Contigs with Misassemblies: 0
Unaligned Contig Bases: 0

Ambiguously Mapped Contigs: 0
Total Bases in Ambiguously Mapped Contigs: 0
Extra Bases in Ambiguously Mapped Contigs: 0
Note that --allow-ambiguity option was set to "one" and only first alignment per each of these contigs was used.

	Covered Bases: 1247

	SNPs: 31
	Insertions: 0
	Deletions: 0

