Gene ID	CAZy ID	% Identical	Length	Mismatches	Gap Open	Gene Start	Gene End	CAZy Start	CAZy End	E Value	Bit Score
k119_188_1	CBW15361.1|CE11|	99.0	210	2	0	1	210	96	305	2.0e-118	428.3
k119_373_1	BAI65433.1|GT25|	96.4	222	8	0	1	222	87	308	6.7e-125	449.9
k119_377_1	QEN10845.1|GT4|	100.0	209	0	0	1	209	67	275	2.6e-115	417.9
k119_384_1	QEN10478.1|GT35|	98.9	269	3	0	1	269	552	820	2.6e-147	524.6
k119_1519_1	CKG96529.1|GT5|	95.6	225	10	0	1	225	96	320	5.7e-124	446.8
k119_1558_1	QKI22877.1|CE11|	99.0	304	3	0	1	304	1	304	4.5e-172	607.1
k119_1930_1	QKI22018.1|GH13_4|	100.0	224	0	0	1	224	108	331	6.1e-134	479.9
k119_2082_1	QKI22163.1|GT2|	98.8	346	4	0	1	346	28	373	1.5e-195	685.3
k119_2124_1	ASE18154.1|GH2|	97.9	194	4	0	1	194	310	503	8.7e-105	382.9
k119_2347_1	ADK96032.1|GT32|	100.0	198	0	0	1	198	24	221	1.1e-113	412.5
k119_2377_1	ANR72410.1|CBM72|GH16|	100.0	290	0	0	1	290	1	290	7.8e-174	612.8
k119_2658_1	QAT95246.1|CBM48|GH13_9|	98.7	225	3	0	1	225	454	678	3.6e-134	480.7
k119_2759_2	QKI21633.1|GT35|	100.0	201	0	0	1	201	1	201	8.2e-114	412.9
k119_2937_1	CBA03971.1|GT30|	90.6	244	23	0	1	244	1	244	1.6e-127	458.8
k119_3008_1	QKI21632.1|CBM48|GH13_11|	98.2	222	4	0	1	222	49	270	4.5e-129	463.8
k119_3091_1	ASE16680.1|GH84|	99.5	210	1	0	1	210	561	770	4.7e-120	433.7
k119_3113_1	ASE18703.1|GT51|	99.6	262	1	0	1	262	117	378	3.2e-150	534.3
k119_3138_1	CBW15655.1|GT5|	99.5	214	1	0	2	215	1	214	2.6e-126	454.5
k119_3213_1	QKI22991.1|GT2|	98.9	473	5	0	1	473	379	851	2.6e-280	967.2
k119_3390_1	CBW15856.1|GT2|	97.7	258	6	0	1	258	36	293	1.5e-139	498.8
k119_3464_1	CBW15653.1|CBM48|GH13_11|	95.9	222	9	0	1	222	113	334	5.3e-130	466.8
k119_3528_1	QKI21846.1|GH66|	99.0	210	2	0	1	210	246	455	7.2e-121	436.4
k119_3939_1	ALQ42622.1|GT51|	97.2	248	7	0	2	249	148	395	2.8e-132	474.6
k119_4312_1	AVR79455.1|GH65|	99.4	313	2	0	1	313	232	544	2.8e-185	651.0
k119_4751_1	ANR73904.1|GH20|	99.5	190	1	0	1	190	29	218	2.8e-108	394.4
k119_4802_1	ANS88621.1|GH23|	100.0	201	0	0	1	201	398	598	1.2e-109	399.1
k119_4853_1	ADK97209.1|GH2|	98.5	266	4	0	1	266	312	577	9.0e-153	542.7
k119_4940_1	QKI21633.1|GT35|	100.0	188	0	0	1	188	426	613	1.4e-104	382.1
k119_5127_1	QKI23203.1|GT2|	97.6	206	5	0	1	206	1	206	5.8e-115	416.8
k119_5461_1	QCL71863.1|GT4|	98.9	265	3	0	1	265	1	265	2.2e-151	538.1
k119_5800_1	BAH97196.1|GH66|	96.8	249	8	0	1	249	686	934	4.1e-139	497.3
k119_6426_1	QKH88119.1|GT2|	97.2	216	6	0	1	216	66	281	6.7e-122	439.9
k119_6524_1	ADK96470.1|GT30|	98.5	203	3	0	1	203	142	344	1.4e-113	412.1
k119_6528_1	CBW15993.1|GT35|	98.6	218	3	0	1	218	71	288	1.7e-120	435.3
k119_6687_1	QKI22317.1|CBM50|	98.0	204	4	0	1	204	31	234	1.5e-107	392.1
k119_6722_1	QKI21631.1|CBM48|GH13_9|GH77|	99.2	239	2	0	1	239	672	910	1.8e-136	488.4
k119_7170_1	CAN65674.1|GH28|	47.0	417	214	5	9	420	109	523	4.5e-106	388.3
k119_7460_1	QKI23308.1|GT51|	99.5	205	1	0	1	205	197	401	2.0e-107	391.7
k119_7549_1	BAI64518.1|GT2|	99.6	228	1	0	1	228	33	260	1.6e-126	455.3
k119_8055_1	ATF63192.1|GT4|	99.7	305	1	0	1	305	12	316	4.0e-181	637.1
k119_8493_1	QAT95405.1|GH32|	97.2	178	5	0	1	178	12	189	4.4e-103	377.1
k119_8760_1	CBW15656.1|GT35|	95.0	221	11	0	1	221	248	468	6.4e-120	433.3
k119_8966_1	ANR72626.1|GH2|	98.2	217	4	0	1	217	10	226	3.6e-131	470.7
k119_9661_1	QJX49771.1|GT1|	95.2	207	10	0	1	207	175	381	1.1e-113	412.5
k119_9693_1	VEI55193.1|GH144|	99.1	218	2	0	1	218	144	361	5.9e-110	400.2
k119_9859_1	QCL69508.1|GT30|	98.5	198	3	0	1	198	223	420	3.5e-109	397.5
k119_9954_1	QKL33659.1|GT4|	95.9	221	9	0	1	221	283	503	1.0e-117	426.0
k119_9991_1	AMH87944.1|GH77|	99.5	187	1	0	1	187	150	336	1.9e-112	408.3
k119_10163_1	ASC01897.1|GT30|	97.0	201	6	0	1	201	10	210	1.8e-105	385.2
k119_10306_1	QCL68344.1|CBM48|GH13_9|GH77|	99.4	176	1	0	1	176	1162	1337	2.9e-107	391.0
k119_10326_1	CBA03971.1|GT30|	82.0	217	39	0	1	217	76	292	1.1e-103	379.4
k119_10434_1	AUI53965.1|GH32|	98.2	227	4	0	1	227	116	342	1.0e-136	489.2
k119_10684_1	CBW14577.1|GT30|	98.1	215	4	0	1	215	141	355	1.4e-116	422.2
k119_11217_1	QKI22002.1|GH87|	98.7	230	3	0	1	230	4	233	2.2e-123	444.9
k119_11317_1	CBW15838.1|GT51|	100.0	218	0	0	1	218	424	641	7.5e-121	436.4
k119_11321_1	ALQ40765.1|GT9|	96.1	207	8	0	1	207	158	364	1.3e-106	389.0
k119_11447_1	QKH88129.1|GH95|	100.0	181	0	0	1	181	756	936	3.9e-107	390.6
k119_11800_1	QKH89498.1|GT3|	98.4	188	3	0	1	188	232	419	1.1e-104	382.5
k119_12997_1	QKI22866.1|GH102|	99.1	233	2	0	1	233	162	394	2.2e-131	471.5
k119_13816_1	QCL71585.1|CBM50|	98.6	359	5	0	1	359	1	359	4.3e-206	720.3
k119_13820_1	ALQ37494.1|GT35|	97.4	193	5	0	1	193	288	480	2.0e-109	398.3
k119_14133_1	QKH88934.1|CBM50|GH73|	98.0	197	4	0	1	197	25	221	2.0e-112	408.3
k119_14419_1	BBP08927.1|GT35|	98.1	315	6	0	1	315	317	631	1.5e-175	618.6
k119_14646_1	QKI21616.1|GH23|	98.4	244	4	0	1	244	235	478	2.7e-135	484.6
k119_14779_2	QKI23222.1|GT9|	97.4	227	6	0	1	227	134	360	8.0e-126	453.0
k119_14935_1	AMD94756.1|GH26|	55.0	362	151	6	1	359	1308	1660	1.4e-111	406.4
k119_14998_1	CBW16084.1|GH2|	95.2	229	11	0	1	229	491	719	2.5e-127	458.0
k119_15007_1	ASE17311.1|CE1|	99.6	231	1	0	1	231	104	334	3.8e-131	470.7
k119_15734_1	ASE18412.1|GT2|	99.5	214	1	0	1	214	22	235	4.0e-127	457.2
k119_15874_2	QCL69612.1|GT9|	96.7	209	7	0	1	209	114	322	1.7e-114	415.2
k119_15994_2	QKI22960.1|GT19|	97.7	264	6	0	14	277	1	264	2.3e-143	511.5
k119_16107_1	BBA29407.1|GT35|	100.0	184	0	0	1	184	98	281	9.8e-106	386.0
k119_16165_2	QKI22602.1|GT4|	98.2	217	4	0	1	217	174	390	5.3e-119	430.3
k119_16266_1	ADZ00638.1|GT107|	99.2	238	2	0	1	238	267	504	1.8e-136	488.4
